<?xml version="1.0" encoding="UTF-8" ?>
<testsuite errors="0" failures="0" hostname="Alex-PC" name="deadgiveaway.MessageIntegrationTest" skipped="0" tests="4" time="0.08" timestamp="2016-03-07T12:31:07">
  <properties>
    <property name="netbeans.autoupdate.country" value="US" />
    <property name="javac.test.classpath" value="lib/checkstyle-all-4.4.jar:lib/checkstyle-all-4.4.jar# Space-separated list of extra javac options:test/hamcrest-all-1.3.jar:test/junit.jar:test/mockito-all-1.10.19.jar:lib/swing-layout-1.0.4.jar:lib\uispec4j-jdk17.jar:C:\Program Files\NetBeans 7.3.1\platform\modules\ext\swing-layout-1.0.4.jar:build/classes:test/junit.jar:test/mockito-all-1.10.19.jar" />
    <property name="file.reference.junit.jar-1" value="test/junit.jar" />
    <property name="libs.junit.javadoc" value="C:\Program Files\NetBeans 7.3.1\java\docs\junit-3.8.2-api.zip" />
    <property name="ant.core.lib" value="C:\Program Files\NetBeans 7.3.1\java\ant\lib\ant.jar" />
    <property name="javadoc.windowtitle" value="" />
    <property name="user.dir" value="F:\Coding\Workspaces\NetbeansProjects\DeadGiveaway" />
    <property name="libs.hibernate-persistence.javadoc" value="" />
    <property name="java.vm.version" value="24.79-b02" />
    <property name="libs.MySQLDriver.classpath" value="C:\Program Files\NetBeans 7.3.1\ide\modules\ext\mysql-connector-java-5.1.23-bin.jar" />
    <property name="libs.eclipselinkmodelgen.src" value="" />
    <property name="test.integration.dir" value="integration" />
    <property name="javadoc.notree" value="false" />
    <property name="netbeans.autoupdate.version" value="1.23" />
    <property name="libs.hibernate-support.maven-pom" value="" />
    <property name="libs.hibernate-support.javadoc" value="" />
    <property name="jdk.home" value="C:\Program Files\Java\jdk1.8.0_60" />
    <property name="libs.javac-api.src" value="" />
    <property name="javadoc.noindex" value="false" />
    <property name="sun.os.patch.level" value="Service Pack 1" />
    <property name="do.archive+manifest.available" value="true" />
    <property name="java.vm.specification.name" value="Java Virtual Machine Specification" />
    <property name="nb.show.statistics.ui" value="usageStatisticsEnabled" />
    <property name="netbeans.autoupdate.variant" value="" />
    <property name="platforms.JDK_1.7.home" value="C:\Program Files\Java\jdk1.7.0_79" />
    <property name="have.tests" value="true" />
    <property name="file.reference.swing-layout-1.0.4.jar" value="lib/swing-layout-1.0.4.jar" />
    <property name="org.xml.sax.driver" value="org.apache.xerces.jaxp.SAXParserImpl$JAXPSAXParser" />
    <property name="libs.javac-api.javadoc" value="" />
    <property name="os.name" value="Windows 7" />
    <property name="libs.beans-binding.classpath" value="C:\Program Files\NetBeans 7.3.1\java\modules\ext\beansbinding-1.2.1.jar" />
    <property name="ap.proc.none.internal" value="" />
    <property name="libs.JWSAntTasks.maven-pom" value="" />
    <property name="jnlp.signing.keystore" value="" />
    <property name="libs.testng.src" value="" />
    <property name="java.vendor.url.bug" value="http://bugreport.sun.com/bugreport/" />
    <property name="libs.jaxb.maven-pom" value="" />
    <property name="os.arch" value="amd64" />
    <property name="ant.file.DeadGiveaway" value="F:\Coding\Workspaces\NetbeansProjects\DeadGiveaway\build.xml" />
    <property name="libs.eclipselink.src" value="" />
    <property name="user.name" value="Alex" />
    <property name="copylibs.rebase" value="true" />
    <property name="manifest.available+main.class" value="true" />
    <property name="libs.swing-layout.maven-pom" value="" />
    <property name="sun.java.command" value="org.apache.tools.ant.taskdefs.optional.junit.JUnitTestRunner deadgiveaway.MessageIntegrationTest skipNonTests=false filtertrace=true haltOnError=false haltOnFailure=false showoutput=true outputtoformatters=true logfailedtests=true threadid=0 logtestlistenerevents=true formatter=org.apache.tools.ant.taskdefs.optional.junit.BriefJUnitResultFormatter formatter=org.apache.tools.ant.taskdefs.optional.junit.XMLJUnitResultFormatter,F:\Coding\Workspaces\NetbeansProjects\DeadGiveaway\build\test\results\TEST-deadgiveaway.MessageIntegrationTest.xml crashfile=F:\Coding\Workspaces\NetbeansProjects\DeadGiveaway\build\junitvmwatcher8748897596768993073.properties propsfile=F:\Coding\Workspaces\NetbeansProjects\DeadGiveaway\build\junit1639119187594263455.properties" />
    <property name="build.classes.dir" value="build/classes" />
    <property name="platforms.Default_JavaFX_Platform.home" value="C:\Program Files\Java\jdk1.8.0_60" />
    <property name="netbeans.accept_license_class" value="org.netbeans.license.AcceptLicense" />
    <property name="jnlp.descriptor" value="application" />
    <property name="build.sysclasspath" value="ignore" />
    <property name="ap.supported.internal" value="true" />
    <property name="libs.jaxws21.javadoc" value="C:\Program Files\NetBeans 7.3.1\java\docs\jaxws-api-doc.zip" />
    <property name="includes" value="**" />
    <property name="user.country" value="US" />
    <property name="manifest.file" value="manifest.mf" />
    <property name="javadoc.encoding" value="UTF-8" />
    <property name="platform.home" value="C:\Program Files\Java\jdk1.7.0_79" />
    <property name="javac.classpath" value="lib/checkstyle-all-4.4.jar:lib/checkstyle-all-4.4.jar# Space-separated list of extra javac options:test/hamcrest-all-1.3.jar:test/junit.jar:test/mockito-all-1.10.19.jar:lib/swing-layout-1.0.4.jar:lib\uispec4j-jdk17.jar:C:\Program Files\NetBeans 7.3.1\platform\modules\ext\swing-layout-1.0.4.jar" />
    <property name="platforms.Default_JavaFX_Platform.javafx.javadoc" value="http://docs.oracle.com/javafx/2/api/" />
    <property name="test.system.dir" value="system" />
    <property name="platform.bootcp" value="C:\Program Files\Java\jdk1.7.0_79\jre\lib\resources.jar;C:\Program Files\Java\jdk1.7.0_79\jre\lib\rt.jar;C:\Program Files\Java\jdk1.7.0_79\jre\lib\sunrsasign.jar;C:\Program Files\Java\jdk1.7.0_79\jre\lib\jsse.jar;C:\Program Files\Java\jdk1.7.0_79\jre\lib\jce.jar;C:\Program Files\Java\jdk1.7.0_79\jre\lib\charsets.jar;C:\Program Files\Java\jdk1.7.0_79\jre\lib\jfr.jar;C:\Program Files\Java\jdk1.7.0_79\jre\classes;C:\Program Files\Java\jdk1.7.0_79\jre\lib\ext\access-bridge-64.jar;C:\Program Files\Java\jdk1.7.0_79\jre\lib\ext\dnsns.jar;C:\Program Files\Java\jdk1.7.0_79\jre\lib\ext\jaccess.jar;C:\Program Files\Java\jdk1.7.0_79\jre\lib\ext\localedata.jar;C:\Program Files\Java\jdk1.7.0_79\jre\lib\ext\sunec.jar;C:\Program Files\Java\jdk1.7.0_79\jre\lib\ext\sunjce_provider.jar;C:\Program Files\Java\jdk1.7.0_79\jre\lib\ext\sunmscapi.jar;C:\Program Files\Java\jdk1.7.0_79\jre\lib\ext\zipfs.jar" />
    <property name="debug-transport" value="dt_shmem" />
    <property name="netbeans.home" value="C:\Program Files\NetBeans 7.3.1\platform" />
    <property name="build.compiler.emacs" value="true" />
    <property name="libs.ejb3-persistence.src" value="" />
    <property name="java.endorsed.dirs" value="C:\Program Files\Java\jdk1.7.0_79\jre\lib\endorsed" />
    <property name="netbeans.dynamic.classpath" value="C:\Program Files\NetBeans 7.3.1\platform\core\core.jar;C:\Program Files\NetBeans 7.3.1\platform\core\org-openide-filesystems.jar;C:\Program Files\NetBeans 7.3.1\platform\core\locale\core_ja.jar;C:\Program Files\NetBeans 7.3.1\platform\core\locale\core_pt_BR.jar;C:\Program Files\NetBeans 7.3.1\platform\core\locale\core_ru.jar;C:\Program Files\NetBeans 7.3.1\platform\core\locale\core_zh_CN.jar;C:\Program Files\NetBeans 7.3.1\platform\core\locale\org-openide-filesystems_ja.jar;C:\Program Files\NetBeans 7.3.1\platform\core\locale\org-openide-filesystems_pt_BR.jar;C:\Program Files\NetBeans 7.3.1\platform\core\locale\org-openide-filesystems_ru.jar;C:\Program Files\NetBeans 7.3.1\platform\core\locale\org-openide-filesystems_zh_CN.jar;C:\Program Files\NetBeans 7.3.1\nb\core\org-netbeans-upgrader.jar;C:\Program Files\NetBeans 7.3.1\nb\core\locale\core_nb.jar;C:\Program Files\NetBeans 7.3.1\nb\core\locale\org-netbeans-upgrader_ja.jar;C:\Program Files\NetBeans 7.3.1\nb\core\locale\org-netbeans-upgrader_pt_BR.jar;C:\Program Files\NetBeans 7.3.1\nb\core\locale\org-netbeans-upgrader_ru.jar;C:\Program Files\NetBeans 7.3.1\nb\core\locale\org-netbeans-upgrader_zh_CN.jar" />
    <property name="jnlp.enabled" value="false" />
    <property name="java.vm.specification.version" value="1.7" />
    <property name="file.reference.hamcrest-all-1.3.jar" value="test/hamcrest-all-1.3.jar" />
    <property name="netbeans.productversion" value="NetBeans IDE 7.3.1 (Build 201306052037)" />
    <property name="libs.hibernate-persistence.classpath" value="C:\Program Files\NetBeans 7.3.1\java\modules\ext\hibernate\antlr-2.7.6.jar;C:\Program Files\NetBeans 7.3.1\java\modules\ext\hibernate\asm.jar;C:\Program Files\NetBeans 7.3.1\java\modules\ext\hibernate\asm-attrs.jar;C:\Program Files\NetBeans 7.3.1\java\modules\ext\hibernate\cglib-2.1.3.jar;C:\Program Files\NetBeans 7.3.1\java\modules\ext\hibernate\commons-collections-2.1.1.jar;C:\Program Files\NetBeans 7.3.1\ide\modules\org-apache-commons-logging.jar;C:\Program Files\NetBeans 7.3.1\java\modules\ext\hibernate\dom4j-1.6.1.jar;C:\Program Files\NetBeans 7.3.1\java\modules\ext\hibernate\ehcache-1.2.3.jar;C:\Program Files\NetBeans 7.3.1\java\modules\ext\hibernate\jdbc2_0-stdext.jar;C:\Program Files\NetBeans 7.3.1\java\modules\ext\hibernate\jta.jar;C:\Program Files\NetBeans 7.3.1\java\modules\ext\hibernate\hibernate3.jar;C:\Program Files\NetBeans 7.3.1\java\modules\ext\hibernate\hibernate-tools.jar;C:\Program Files\NetBeans 7.3.1\java\modules\ext\hibernate\hibernate-annotations.jar;C:\Program Files\NetBeans 7.3.1\java\modules\ext\hibernate\hibernate-commons-annotations.jar;C:\Program Files\NetBeans 7.3.1\java\modules\ext\hibernate\hibernate-entitymanager.jar;C:\Program Files\NetBeans 7.3.1\java\modules\ext\hibernate\javassist.jar;C:\Program Files\NetBeans 7.3.1\java\modules\ext\hibernate\ejb3-persistence.jar" />
    <property name="libs.jaxws21.src" value="" />
    <property name="application.title" value="DeadGiveaway" />
    <property name="do.archive" value="true" />
    <property name="netbeans.autoupdate.language" value="en" />
    <property name="java.vendor" value="Oracle Corporation" />
    <property name="jar.index.metainf" value="false" />
    <property name="javac.debug" value="true" />
    <property name="javadoc.splitindex" value="true" />
    <property name="file.separator" value="\" />
    <property name="libs.junit_4.maven-pom" value="" />
    <property name="mkdist.disabled" value="false" />
    <property name="javac.test.processorpath" value="lib/checkstyle-all-4.4.jar:lib/checkstyle-all-4.4.jar# Space-separated list of extra javac options:test/hamcrest-all-1.3.jar:test/junit.jar:test/mockito-all-1.10.19.jar:lib/swing-layout-1.0.4.jar:lib\uispec4j-jdk17.jar:C:\Program Files\NetBeans 7.3.1\platform\modules\ext\swing-layout-1.0.4.jar:build/classes:test/junit.jar:test/mockito-all-1.10.19.jar" />
    <property name="netbeans.buildnumber" value="201306052037" />
    <property name="libs.JWSAntTasks.javadoc" value="" />
    <property name="build.generated.sources.dir" value="build/generated-sources" />
    <property name="user.variant" value="" />
    <property name="libs.eclipselinkmodelgen.classpath" value="C:\Program Files\NetBeans 7.3.1\java\modules\ext\eclipselink\org.eclipse.persistence.jpa.modelgen_2.5.0.v20130507-3faac2b.jar" />
    <property name="sun.java.launcher" value="SUN_STANDARD" />
    <property name="libs.junit.classpath" value="C:\Program Files\NetBeans 7.3.1\java\modules\ext\junit-3.8.2.jar" />
    <property name="libs.jaxb.javadoc" value="C:\Program Files\NetBeans 7.3.1\ide\docs\jaxb-api-doc.zip" />
    <property name="org.openide.awt.SwingBrowserImpl.do-not-block-awt" value="false" />
    <property name="ant.home" value="C:\Program Files\NetBeans 7.3.1\java\ant" />
    <property name="libs.junit_4.src" value="C:\Program Files\NetBeans 7.3.1\java\docs\junit-4.10-sources.jar" />
    <property name="libs.testng.classpath" value="C:\Program Files\NetBeans 7.3.1\platform\modules\ext\testng-6.5.1-dist.jar" />
    <property name="libs.absolutelayout.maven-pom" value="" />
    <property name="ant.java.version" value="1.8" />
    <property name="java.library.path" value="C:\Program Files\Java\jdk1.7.0_79\bin;C:\Windows\Sun\Java\bin;C:\Windows\system32;C:\Windows;C:\ProgramData\Oracle\Java\javapath;C:\Windows\system32;C:\Windows;C:\Windows\System32\Wbem;C:\Windows\System32\WindowsPowerShell\v1.0\;C:\MinGW\bin\;C:\Program Files\Microsoft SQL Server\110\Tools\Binn\;C:\Program Files (x86)\MiKTeX 2.9\miktex\bin\;C:\Program Files (x86)\NVIDIA Corporation\PhysX\Common;C:\Program Files (x86)\Skype\Phone\;C:\Program Files\Calibre2\;C:\Program Files (x86)\SSH Communications Security\SSH Secure Shell;." />
    <property name="javadoc.author" value="false" />
    <property name="manifest.available+main.class-mkdist.available" value="true" />
    <property name="java.util.logging.config.class" value="org.netbeans.core.startup.TopLogging" />
    <property name="libs.PostgreSQLDriver.src" value="" />
    <property name="sun.arch.data.model" value="64" />
    <property name="basedir" value="F:\Coding\Workspaces\NetbeansProjects\DeadGiveaway" />
    <property name="libs.jpa20-persistence.maven-pom" value="" />
    <property name="jar.compress" value="false" />
    <property name="file.reference.mockito-all-1.10.19.jar" value="test/mockito-all-1.10.19.jar" />
    <property name="path.separator" value=";" />
    <property name="ant.junit.enabletestlistenerevents" value="true" />
    <property name="platform.javac" value="C:\Program Files\Java\jdk1.7.0_79/bin/javac" />
    <property name="sun.io.unicode.encoding" value="UnicodeLittle" />
    <property name="libs.jaxws21.classpath" value="C:\Program Files\NetBeans 7.3.1\ide\modules\ext\jaxb\jaxb-impl.jar;C:\Program Files\NetBeans 7.3.1\ide\modules\ext\jaxb\jaxb-xjc.jar;C:\Program Files\NetBeans 7.3.1\java\modules\ext\jaxws22\FastInfoset.jar;C:\Program Files\NetBeans 7.3.1\java\modules\ext\jaxws22\gmbal-api-only.jar;C:\Program Files\NetBeans 7.3.1\java\modules\ext\jaxws22\ha-api.jar;C:\Program Files\NetBeans 7.3.1\java\modules\ext\jaxws22\javax.mail_1.4.jar;C:\Program Files\NetBeans 7.3.1\java\modules\ext\jaxws22\jaxws-rt.jar;C:\Program Files\NetBeans 7.3.1\java\modules\ext\jaxws22\jaxws-tools.jar;C:\Program Files\NetBeans 7.3.1\java\modules\ext\jaxws22\management-api.jar;C:\Program Files\NetBeans 7.3.1\java\modules\ext\jaxws22\mimepull.jar;C:\Program Files\NetBeans 7.3.1\java\modules\ext\jaxws22\policy.jar;C:\Program Files\NetBeans 7.3.1\java\modules\ext\jaxws22\saaj-impl.jar;C:\Program Files\NetBeans 7.3.1\java\modules\ext\jaxws22\stax-ex.jar;C:\Program Files\NetBeans 7.3.1\java\modules\ext\jaxws22\stax2-api.jar;C:\Program Files\NetBeans 7.3.1\java\modules\ext\jaxws22\streambuffer.jar;C:\Program Files\NetBeans 7.3.1\java\modules\ext\jaxws22\woodstox-core-asl.jar;C:\Program Files\NetBeans 7.3.1\java\modules\ext\jaxws22\api\jaxws-api.jar;C:\Program Files\NetBeans 7.3.1\java\modules\ext\jaxws22\api\jsr181-api.jar;C:\Program Files\NetBeans 7.3.1\java\modules\ext\jaxws22\api\javax.annotation.jar;C:\Program Files\NetBeans 7.3.1\java\modules\ext\jaxws22\api\saaj-api.jar;C:\Program Files\NetBeans 7.3.1\ide\modules\ext\jaxb\activation.jar;C:\Program Files\NetBeans 7.3.1\ide\modules\ext\jaxb\api\jaxb-api.jar;C:\Program Files\NetBeans 7.3.1\ide\modules\ext\jaxb\api\jsr173_1.0_api.jar" />
    <property name="compile.on.save" value="false" />
    <property name="apple.awt.graphics.UseQuartz" value="true" />
    <property name="user.language" value="en" />
    <property name="testng.mode" value="testng" />
    <property name="libs.JAXB-ENDORSED.maven-pom" value="" />
    <property name="libs.spring-framework.classpath" value="C:\Program Files\NetBeans 7.3.1\ide\modules\org-apache-commons-logging.jar;C:\Program Files\NetBeans 7.3.1\java\modules\ext\cglib-2.2.jar;C:\Program Files\NetBeans 7.3.1\java\modules\ext\spring\spring-2.5.6.SEC03.jar" />
    <property name="libs.eclipselink.maven-pom" value="" />
    <property name="application.vendor" value="austin" />
    <property name="test.binaryincludes" value="&lt;nothing&gt;" />
    <property name="manifest.available" value="true" />
    <property name="libs.spring-framework300.maven-pom" value="" />
    <property name="run.test.classpath" value="lib/checkstyle-all-4.4.jar:lib/checkstyle-all-4.4.jar# Space-separated list of extra javac options:test/hamcrest-all-1.3.jar:test/junit.jar:test/mockito-all-1.10.19.jar:lib/swing-layout-1.0.4.jar:lib\uispec4j-jdk17.jar:C:\Program Files\NetBeans 7.3.1\platform\modules\ext\swing-layout-1.0.4.jar:build/classes:test/junit.jar:test/mockito-all-1.10.19.jar:build/test/classes" />
    <property name="ant.project.invoked-targets" value="test" />
    <property name="test.binaryexcludes" value="" />
    <property name="libs.swing-layout.javadoc" value="C:\Program Files\NetBeans 7.3.1\platform\docs\swing-layout-1.0.4-doc.zip" />
    <property name="sun.java2d.dpiaware" value="true" />
    <property name="libs.ejb3-persistence.maven-pom" value="" />
    <property name="ant.file.type.DeadGiveaway-impl" value="file" />
    <property name="libs.PostgreSQLDriver.maven-pom" value="" />
    <property name="java.class.version" value="51.0" />
    <property name="netbeans.system_http_proxy" value="DIRECT" />
    <property name="libs.eclipselink.javadoc" value="" />
    <property name="user.properties.file" value="C:\Users\Alex\AppData\Roaming\NetBeans\7.3.1\build.properties" />
    <property name="runtime.encoding" value="UTF-8" />
    <property name="libs.spring-framework.src" value="" />
    <property name="libs.javac-api.maven-pom" value="" />
    <property name="file.encoding.pkg" value="sun.io" />
    <property name="sun.cpu.endian" value="little" />
    <property name="libs.JAXB-ENDORSED.javadoc" value="" />
    <property name="libs.JWSAntTasks.classpath" value="C:\Program Files\NetBeans 7.3.1\java\ant\extra\org-netbeans-modules-javawebstart-anttasks.jar" />
    <property name="libs.spring-framework300.src" value="" />
    <property name="empty.dir" value="F:\Coding\Workspaces\NetbeansProjects\DeadGiveaway\build\empty" />
    <property name="version-output" value="java version &quot;1.7.0_79&quot;&#xd;&#xa;Java(TM) SE Runtime Environment (build 1.7.0_79-b15)&#xd;&#xa;Java HotSpot(TM) 64-Bit Server VM (build 24.79-b02, mixed mode)" />
    <property name="test.binarytestincludes" value="" />
    <property name="javadoc.preview" value="true" />
    <property name="libs.jpa20-persistence.javadoc" value="" />
    <property name="java.home" value="C:\Program Files\Java\jdk1.7.0_79\jre" />
    <property name="ant.file.DeadGiveaway-impl" value="F:\Coding\Workspaces\NetbeansProjects\DeadGiveaway\nbproject\build-impl.xml" />
    <property name="debug.test.classpath" value="lib/checkstyle-all-4.4.jar:lib/checkstyle-all-4.4.jar# Space-separated list of extra javac options:test/hamcrest-all-1.3.jar:test/junit.jar:test/mockito-all-1.10.19.jar:lib/swing-layout-1.0.4.jar:lib\uispec4j-jdk17.jar:C:\Program Files\NetBeans 7.3.1\platform\modules\ext\swing-layout-1.0.4.jar:build/classes:test/junit.jar:test/mockito-all-1.10.19.jar:build/test/classes" />
    <property name="netbeans.importclass" value="org.netbeans.upgrade.AutoUpgrade" />
    <property name="ant.project.default-target" value="default" />
    <property name="annotation.processing.run.all.processors" value="true" />
    <property name="jar.archive.disabled" value="false" />
    <property name="jnlp.signing.alias" value="" />
    <property name="libs.PostgreSQLDriver.javadoc" value="" />
    <property name="libs.MySQLDriver.maven-pom" value="" />
    <property name="libs.junit_4.javadoc" value="C:\Program Files\NetBeans 7.3.1\java\docs\junit-4.10-javadoc.jar" />
    <property name="run.classpath" value="lib/checkstyle-all-4.4.jar:lib/checkstyle-all-4.4.jar# Space-separated list of extra javac options:test/hamcrest-all-1.3.jar:test/junit.jar:test/mockito-all-1.10.19.jar:lib/swing-layout-1.0.4.jar:lib\uispec4j-jdk17.jar:C:\Program Files\NetBeans 7.3.1\platform\modules\ext\swing-layout-1.0.4.jar:build/classes" />
    <property name="libs.hibernate-support.src" value="" />
    <property name="jna.boot.library.name" value="jnidispatch-340" />
    <property name="sun.awt.datatransfer.timeout" value="1000" />
    <property name="annotation.processing.enabled.in.editor" value="false" />
    <property name="nb.native.filechooser" value="false" />
    <property name="sun.management.compiler" value="HotSpot 64-Bit Tiered Compilers" />
    <property name="javac.deprecation" value="false" />
    <property name="javadoc.use" value="true" />
    <property name="sun.java2d.noddraw" value="true" />
    <property name="javac.processorpath" value="lib/checkstyle-all-4.4.jar:lib/checkstyle-all-4.4.jar# Space-separated list of extra javac options:test/hamcrest-all-1.3.jar:test/junit.jar:test/mockito-all-1.10.19.jar:lib/swing-layout-1.0.4.jar:lib\uispec4j-jdk17.jar:C:\Program Files\NetBeans 7.3.1\platform\modules\ext\swing-layout-1.0.4.jar" />
    <property name="javac.compilerargs" value="" />
    <property name="svnkit.http.methods" value="Basic" />
    <property name="ant.file" value="F:\Coding\Workspaces\NetbeansProjects\DeadGiveaway\build.xml" />
    <property name="libs.beans-binding.maven-pom" value="" />
    <property name="jnlp.codebase.type" value="no.codebase" />
    <property name="libs.beans-binding.src" value="" />
    <property name="java.vm.specification.vendor" value="Oracle Corporation" />
    <property name="libs.swing-layout.src" value="C:\Program Files\NetBeans 7.3.1\platform\docs\swing-layout-1.0.4-src.zip" />
    <property name="org.openide.major.version" value="IDE/1" />
    <property name="java.vm.name" value="Java HotSpot(TM) 64-Bit Server VM" />
    <property name="platforms.Default_JavaFX_Platform.compiler" value="modern" />
    <property name="netbeans.user" value="C:\Users\Alex\AppData\Roaming\NetBeans\7.3.1" />
    <property name="javadoc.additionalparam" value="-linksource" />
    <property name="jnlp.offline-allowed" value="false" />
    <property name="java.io.tmpdir" value="C:\Users\Alex\AppData\Local\Temp\" />
    <property name="java.vendor.url" value="http://java.oracle.com/" />
    <property name="endorsed.classpath.cmd.line.arg" value="" />
    <property name="junit.available" value="true" />
    <property name="org.openide.awt.ActionReference.completion" value="org.netbeans.modules.apisupport.project.layers.PathCompletions" />
    <property name="sun.boot.library.path" value="C:\Program Files\Java\jdk1.7.0_79\jre\bin" />
    <property name="have.sources" value="true" />
    <property name="debug.classpath" value="lib/checkstyle-all-4.4.jar:lib/checkstyle-all-4.4.jar# Space-separated list of extra javac options:test/hamcrest-all-1.3.jar:test/junit.jar:test/mockito-all-1.10.19.jar:lib/swing-layout-1.0.4.jar:lib\uispec4j-jdk17.jar:C:\Program Files\NetBeans 7.3.1\platform\modules\ext\swing-layout-1.0.4.jar:build/classes" />
    <property name="javadoc.private" value="false" />
    <property name="test.src.dir" value="test" />
    <property name="ap.processors.internal" value="" />
    <property name="meta.inf.dir" value="src/META-INF" />
    <property name="javadoc.encoding.used" value="UTF-8" />
    <property name="dist.jar" value="dist/DeadGiveaway.jar" />
    <property name="java.runtime.name" value="Java(TM) SE Runtime Environment" />
    <property name="ant.project.name" value="DeadGiveaway" />
    <property name="netbeans.hash.code" value="unique=NB_JAVA00a248669-f9bc-4209-bda1-0044fa9cea2c_b312d1d0-e146-476c-8ef6-3168f3c6c116" />
    <property name="netbeans.default_userdir_root" value="C:\Users\Alex\AppData\Roaming\NetBeans" />
    <property name="platform.javadoc" value="C:\Program Files\Java\jdk1.7.0_79/bin/javadoc" />
    <property name="platform.javadoc.tmp" value="${platforms.JDK_1.7.javadoc}" />
    <property name="manifest.available-mkdist.available" value="true" />
    <property name="sun.cpu.isalist" value="amd64" />
    <property name="libs.CopyLibs.javadoc" value="" />
    <property name="platform.compiler" value="${platforms.JDK_1.7.compile}" />
    <property name="file.reference.uispec4j-jdk17.jar" value="lib\uispec4j-jdk17.jar" />
    <property name="org.openide.specification.version" value="6.2" />
    <property name="libs.hibernate-support.classpath" value="C:\Program Files\NetBeans 7.3.1\java\modules\ext\hibernate\antlr-2.7.6.jar;C:\Program Files\NetBeans 7.3.1\java\modules\ext\hibernate\asm.jar;C:\Program Files\NetBeans 7.3.1\java\modules\ext\hibernate\asm-attrs.jar;C:\Program Files\NetBeans 7.3.1\java\modules\ext\hibernate\cglib-2.1.3.jar;C:\Program Files\NetBeans 7.3.1\java\modules\ext\hibernate\commons-collections-2.1.1.jar;C:\Program Files\NetBeans 7.3.1\ide\modules\org-apache-commons-logging.jar;C:\Program Files\NetBeans 7.3.1\java\modules\ext\hibernate\dom4j-1.6.1.jar;C:\Program Files\NetBeans 7.3.1\java\modules\ext\hibernate\ehcache-1.2.3.jar;C:\Program Files\NetBeans 7.3.1\java\modules\ext\hibernate\jdbc2_0-stdext.jar;C:\Program Files\NetBeans 7.3.1\java\modules\ext\hibernate\jta.jar;C:\Program Files\NetBeans 7.3.1\java\modules\ext\hibernate\hibernate3.jar;C:\Program Files\NetBeans 7.3.1\java\modules\ext\hibernate\hibernate-tools.jar;C:\Program Files\NetBeans 7.3.1\java\modules\ext\hibernate\hibernate-annotations.jar;C:\Program Files\NetBeans 7.3.1\java\modules\ext\hibernate\hibernate-commons-annotations.jar;C:\Program Files\NetBeans 7.3.1\java\modules\ext\hibernate\hibernate-entitymanager.jar;C:\Program Files\NetBeans 7.3.1\java\modules\ext\hibernate\javassist.jar" />
    <property name="user.home" value="C:\Users\Alex" />
    <property name="annotation.processing.processors.list" value="" />
    <property name="debug-args-line" value="-Xdebug" />
    <property name="platform.javac.tmp" value="${platforms.JDK_1.7.javac}" />
    <property name="libs.JWSAntTasks.src" value="" />
    <property name="jar.index" value="false" />
    <property name="libs.CopyLibs.maven-pom" value="" />
    <property name="libs.spring-framework300.javadoc" value="" />
    <property name="libs.hibernate-persistence.maven-pom" value="" />
    <property name="libs.absolutelayout.javadoc" value="" />
    <property name="java.specification.name" value="Java Platform API Specification" />
    <property name="do.archive+main.class.available" value="true" />
    <property name="jnlp.mixed.code" value="default" />
    <property name="java.specification.vendor" value="Oracle Corporation" />
    <property name="libs.javac-api.classpath" value="C:\Program Files\NetBeans 7.3.1\java\modules\ext\nb-javac-api.jar" />
    <property name="platforms.Default_JavaFX_Platform.javafx.runtime.home" value="C:\Program Files\Java\jdk1.7.0_79\jre" />
    <property name="java.version" value="1.7.0_79" />
    <property name="run.jvmargs.ide" value="" />
    <property name="javadoc.version" value="false" />
    <property name="libs.MySQLDriver.javadoc" value="" />
    <property name="org.openide.version" value="deprecated" />
    <property name="platform.java" value="C:\Program Files\Java\jdk1.7.0_79/bin/java" />
    <property name="source.encoding" value="UTF-8" />
    <property name="ap.cmd.line.internal" value="" />
    <property name="libs.eclipselinkmodelgen.maven-pom" value="" />
    <property name="libs.junit.maven-pom" value="" />
    <property name="libs.eclipselinkmodelgen.javadoc" value="" />
    <property name="ant.file.type.DeadGiveaway" value="file" />
    <property name="netbeans.home+have.tests" value="true" />
    <property name="annotation.processing.processor.options" value="" />
    <property name="libs.testng.maven-pom" value="" />
    <property name="libs.jaxb.src" value="" />
    <property name="work.dir" value="F:\Coding\Workspaces\NetbeansProjects\DeadGiveaway" />
    <property name="libs.jaxb.classpath" value="C:\Program Files\NetBeans 7.3.1\ide\modules\ext\jaxb\jaxb-impl.jar;C:\Program Files\NetBeans 7.3.1\ide\modules\ext\jaxb\jaxb-xjc.jar;C:\Program Files\NetBeans 7.3.1\ide\modules\ext\jaxb\jaxb1-impl.jar;C:\Program Files\NetBeans 7.3.1\ide\modules\ext\jaxb\activation.jar;C:\Program Files\NetBeans 7.3.1\ide\modules\ext\jaxb\api\jaxb-api.jar;C:\Program Files\NetBeans 7.3.1\ide\modules\ext\jaxb\api\jsr173_1.0_api.jar" />
    <property name="do.depend" value="false" />
    <property name="file.reference.checkstyle-all-4.4.jar" value="lib/checkstyle-all-4.4.jar" />
    <property name="dist.javadoc.dir" value="dist/javadoc" />
    <property name="libs.swing-layout.classpath" value="C:\Program Files\NetBeans 7.3.1\platform\modules\ext\swing-layout-1.0.4.jar" />
    <property name="build.generated.dir" value="build/generated" />
    <property name="javac.source" value="1.7" />
    <property name="libs.hibernate-persistence.src" value="" />
    <property name="line.separator" value="&#xd;&#xa;" />
    <property name="java.specification.version" value="1.7" />
    <property name="libs.jaxws21.maven-pom" value="" />
    <property name="java.vm.info" value="mixed mode" />
    <property name="nb.junit.batch" value="true" />
    <property name="junit.forkmode" value="perTest" />
    <property name="platform.java.tmp" value="${platforms.JDK_1.7.java}" />
    <property name="libs.spring-framework.maven-pom" value="" />
    <property name="sun.boot.class.path" value="C:\Program Files\Java\jdk1.7.0_79\jre\lib\resources.jar;C:\Program Files\Java\jdk1.7.0_79\jre\lib\rt.jar;C:\Program Files\Java\jdk1.7.0_79\jre\lib\sunrsasign.jar;C:\Program Files\Java\jdk1.7.0_79\jre\lib\jsse.jar;C:\Program Files\Java\jdk1.7.0_79\jre\lib\jce.jar;C:\Program Files\Java\jdk1.7.0_79\jre\lib\charsets.jar;C:\Program Files\Java\jdk1.7.0_79\jre\lib\jfr.jar;C:\Program Files\Java\jdk1.7.0_79\jre\classes" />
    <property name="javac.target" value="1.7" />
    <property name="built-jar.properties" value="F:\Coding\Workspaces\NetbeansProjects\DeadGiveaway\build\built-jar.properties" />
    <property name="build.test.classes.dir" value="build/test/classes" />
    <property name="src.dir" value="src" />
    <property name="platforms.Default_JavaFX_Platform.bootclasspath" value="C:\Program Files\Java\jdk1.8.0_60\jre\lib\resources.jar;C:\Program Files\Java\jdk1.8.0_60\jre\lib\rt.jar;C:\Program Files\Java\jdk1.8.0_60\jre\lib\sunrsasign.jar;C:\Program Files\Java\jdk1.8.0_60\jre\lib\jsse.jar;C:\Program Files\Java\jdk1.8.0_60\jre\lib\jce.jar;C:\Program Files\Java\jdk1.8.0_60\jre\lib\charsets.jar;C:\Program Files\Java\jdk1.8.0_60\jre\lib\jfr.jar;C:\Program Files\Java\jdk1.8.0_60\jre\classes;C:\Program Files\Java\jdk1.8.0_60\jre\lib\ext\access-bridge-64.jar;C:\Program Files\Java\jdk1.8.0_60\jre\lib\ext\cldrdata.jar;C:\Program Files\Java\jdk1.8.0_60\jre\lib\ext\dnsns.jar;C:\Program Files\Java\jdk1.8.0_60\jre\lib\ext\jaccess.jar;C:\Program Files\Java\jdk1.8.0_60\jre\lib\ext\jfxrt.jar;C:\Program Files\Java\jdk1.8.0_60\jre\lib\ext\localedata.jar;C:\Program Files\Java\jdk1.8.0_60\jre\lib\ext\nashorn.jar;C:\Program Files\Java\jdk1.8.0_60\jre\lib\ext\sunec.jar;C:\Program Files\Java\jdk1.8.0_60\jre\lib\ext\sunjce_provider.jar;C:\Program Files\Java\jdk1.8.0_60\jre\lib\ext\sunmscapi.jar;C:\Program Files\Java\jdk1.8.0_60\jre\lib\ext\sunpkcs11.jar;C:\Program Files\Java\jdk1.8.0_60\jre\lib\ext\zipfs.jar" />
    <property name="annotation.processing.enabled" value="true" />
    <property name="sun.awt.keepWorkingSetOnMinimize" value="true" />
    <property name="libs.jpa20-persistence.src" value="" />
    <property name="dist.dir" value="dist" />
    <property name="do.archive+manifest.available+main.class" value="true" />
    <property name="testng.debug.mode" value="" />
    <property name="java.awt.printerjob" value="sun.awt.windows.WPrinterJob" />
    <property name="platforms.JDK_1.7.compiler" value="modern" />
    <property name="default.javac.source" value="1.8" />
    <property name="debug-transport-by-os" value="dt_shmem" />
    <property name="libs.MySQLDriver.src" value="" />
    <property name="sun.jnu.encoding" value="Cp1252" />
    <property name="platforms.JDK_1.7.bootclasspath" value="C:\Program Files\Java\jdk1.7.0_79\jre\lib\resources.jar;C:\Program Files\Java\jdk1.7.0_79\jre\lib\rt.jar;C:\Program Files\Java\jdk1.7.0_79\jre\lib\sunrsasign.jar;C:\Program Files\Java\jdk1.7.0_79\jre\lib\jsse.jar;C:\Program Files\Java\jdk1.7.0_79\jre\lib\jce.jar;C:\Program Files\Java\jdk1.7.0_79\jre\lib\charsets.jar;C:\Program Files\Java\jdk1.7.0_79\jre\lib\jfr.jar;C:\Program Files\Java\jdk1.7.0_79\jre\classes;C:\Program Files\Java\jdk1.7.0_79\jre\lib\ext\access-bridge-64.jar;C:\Program Files\Java\jdk1.7.0_79\jre\lib\ext\dnsns.jar;C:\Program Files\Java\jdk1.7.0_79\jre\lib\ext\jaccess.jar;C:\Program Files\Java\jdk1.7.0_79\jre\lib\ext\localedata.jar;C:\Program Files\Java\jdk1.7.0_79\jre\lib\ext\sunec.jar;C:\Program Files\Java\jdk1.7.0_79\jre\lib\ext\sunjce_provider.jar;C:\Program Files\Java\jdk1.7.0_79\jre\lib\ext\sunmscapi.jar;C:\Program Files\Java\jdk1.7.0_79\jre\lib\ext\zipfs.jar" />
    <property name="java.runtime.version" value="1.7.0_79-b15" />
    <property name="build.test.results.dir" value="build/test/results" />
    <property name="libs.ejb3-persistence.javadoc" value="" />
    <property name="manifest.available+main.class+mkdist.available" value="true" />
    <property name="default.javac.target" value="1.8" />
    <property name="libs.junit_4.classpath" value="C:\Program Files\NetBeans 7.3.1\platform\modules\ext\junit-4.10.jar" />
    <property name="user.timezone" value="" />
    <property name="nb.junit.single" value="false" />
    <property name="do.jar" value="true" />
    <property name="netbeans.dirs" value="C:\Program Files\NetBeans 7.3.1\nb;C:\Program Files\NetBeans 7.3.1\ergonomics;C:\Program Files\NetBeans 7.3.1\ide;C:\Program Files\NetBeans 7.3.1\java;C:\Program Files\NetBeans 7.3.1\apisupport;C:\Program Files\NetBeans 7.3.1\webcommon;C:\Program Files\NetBeans 7.3.1\websvccommon;C:\Program Files\NetBeans 7.3.1\enterprise;C:\Program Files\NetBeans 7.3.1\mobility;C:\Program Files\NetBeans 7.3.1\profiler;C:\Program Files\NetBeans 7.3.1\python;C:\Program Files\NetBeans 7.3.1\php;C:\Program Files\NetBeans 7.3.1\identity;C:\Program Files\NetBeans 7.3.1\harness;C:\Program Files\NetBeans 7.3.1\cnd;C:\Program Files\NetBeans 7.3.1\dlight;C:\Program Files\NetBeans 7.3.1\groovy;C:\Program Files\NetBeans 7.3.1\extra;C:\Program Files\NetBeans 7.3.1\javacard;C:\Program Files\NetBeans 7.3.1\javafx" />
    <property name="platforms.Default_JavaFX_Platform.javafx.sdk.home" value="C:\Program Files\Java\jdk1.8.0_60" />
    <property name="java.ext.dirs" value="C:\Program Files\Java\jdk1.7.0_79\jre\lib\ext;C:\Windows\Sun\Java\lib\ext" />
    <property name="endorsed.classpath" value="" />
    <property name="libs.absolutelayout.classpath" value="C:\Program Files\NetBeans 7.3.1\java\modules\ext\AbsoluteLayout.jar" />
    <property name="excludes" value="" />
    <property name="apple.laf.useScreenMenuBar" value="true" />
    <property name="java.class.path" value="F:\Coding\Workspaces\NetbeansProjects\DeadGiveaway\lib\checkstyle-all-4.4.jar;F:\Coding\Workspaces\NetbeansProjects\DeadGiveaway\test\hamcrest-all-1.3.jar;F:\Coding\Workspaces\NetbeansProjects\DeadGiveaway\test\junit.jar;F:\Coding\Workspaces\NetbeansProjects\DeadGiveaway\test\mockito-all-1.10.19.jar;F:\Coding\Workspaces\NetbeansProjects\DeadGiveaway\lib\swing-layout-1.0.4.jar;F:\Coding\Workspaces\NetbeansProjects\DeadGiveaway\lib\uispec4j-jdk17.jar;C:\Program Files\NetBeans 7.3.1\platform\modules\ext\swing-layout-1.0.4.jar;F:\Coding\Workspaces\NetbeansProjects\DeadGiveaway\build\classes;F:\Coding\Workspaces\NetbeansProjects\DeadGiveaway\build\test\classes;C:\Program Files\NetBeans 7.3.1\java\ant\lib\ant-launcher.jar;C:\Program Files\NetBeans 7.3.1\java\ant\lib\ant.jar;C:\Program Files\NetBeans 7.3.1\java\ant\lib\ant-junit.jar;C:\Program Files\NetBeans 7.3.1\java\ant\lib\ant-junit4.jar;C:\Users\Alex\AppData\Roaming\NetBeans\7.3.1\modules\ext\jacocoagent.jar" />
    <property name="do.mkdist" value="true" />
    <property name="libs.absolutelayout.src" value="" />
    <property name="libs.jpa20-persistence.classpath" value="C:\Program Files\NetBeans 7.3.1\java\modules\ext\eclipselink\javax.persistence_2.1.0.v201304241213.jar" />
    <property name="os.version" value="6.1" />
    <property name="application.args" value="" />
    <property name="main.class.available" value="true" />
    <property name="sun.awt.enableExtraMouseButtons" value="true" />
    <property name="sun.desktop" value="windows" />
    <property name="libs.JAXB-ENDORSED.classpath" value="C:\Program Files\NetBeans 7.3.1\ide\modules\ext\jaxb\api\jaxb-api.jar" />
    <property name="libs.eclipselink.classpath" value="C:\Program Files\NetBeans 7.3.1\java\modules\ext\eclipselink\eclipselink.jar;C:\Program Files\NetBeans 7.3.1\java\modules\ext\eclipselink\javax.persistence_2.1.0.v201304241213.jar;C:\Program Files\NetBeans 7.3.1\java\modules\ext\eclipselink\org.eclipse.persistence.jpa.jpql_2.5.0.v20130507-3faac2b.jar" />
    <property name="libs.beans-binding.javadoc" value="C:\Program Files\NetBeans 7.3.1\java\docs\beansbinding-1.2.1-doc.zip" />
    <property name="java.awt.graphicsenv" value="sun.awt.Win32GraphicsEnvironment" />
    <property name="java.vm.vendor" value="Oracle Corporation" />
    <property name="libs.CopyLibs.classpath" value="C:\Program Files\NetBeans 7.3.1\java\ant\extra\org-netbeans-modules-java-j2seproject-copylibstask.jar" />
    <property name="libs.spring-framework300.classpath" value="C:\Program Files\NetBeans 7.3.1\ide\modules\org-apache-commons-logging.jar;C:\Program Files\NetBeans 7.3.1\java\modules\ext\cglib-2.2.jar;C:\Program Files\NetBeans 7.3.1\java\modules\ext\spring-3.0\spring-aop-3.1.1.RELEASE.jar;C:\Program Files\NetBeans 7.3.1\java\modules\ext\spring-3.0\spring-asm-3.1.1.RELEASE.jar;C:\Program Files\NetBeans 7.3.1\java\modules\ext\spring-3.0\spring-aspects-3.1.1.RELEASE.jar;C:\Program Files\NetBeans 7.3.1\java\modules\ext\spring-3.0\spring-beans-3.1.1.RELEASE.jar;C:\Program Files\NetBeans 7.3.1\java\modules\ext\spring-3.0\spring-context-3.1.1.RELEASE.jar;C:\Program Files\NetBeans 7.3.1\java\modules\ext\spring-3.0\spring-context-support-3.1.1.RELEASE.jar;C:\Program Files\NetBeans 7.3.1\java\modules\ext\spring-3.0\spring-core-3.1.1.RELEASE.jar;C:\Program Files\NetBeans 7.3.1\java\modules\ext\spring-3.0\spring-expression-3.1.1.RELEASE.jar;C:\Program Files\NetBeans 7.3.1\java\modules\ext\spring-3.0\spring-instrument-3.1.1.RELEASE.jar;C:\Program Files\NetBeans 7.3.1\java\modules\ext\spring-3.0\spring-instrument-tomcat-3.1.1.RELEASE.jar;C:\Program Files\NetBeans 7.3.1\java\modules\ext\spring-3.0\spring-jdbc-3.1.1.RELEASE.jar;C:\Program Files\NetBeans 7.3.1\java\modules\ext\spring-3.0\spring-jms-3.1.1.RELEASE.jar;C:\Program Files\NetBeans 7.3.1\java\modules\ext\spring-3.0\spring-orm-3.1.1.RELEASE.jar;C:\Program Files\NetBeans 7.3.1\java\modules\ext\spring-3.0\spring-oxm-3.1.1.RELEASE.jar;C:\Program Files\NetBeans 7.3.1\java\modules\ext\spring-3.0\spring-test-3.1.1.RELEASE.jar;C:\Program Files\NetBeans 7.3.1\java\modules\ext\spring-3.0\spring-tx-3.1.1.RELEASE.jar;C:\Program Files\NetBeans 7.3.1\java\modules\ext\spring-3.0\spring-web-3.1.1.RELEASE.jar;C:\Program Files\NetBeans 7.3.1\java\modules\ext\spring-3.0\spring-webmvc-portlet-3.1.1.RELEASE.jar;C:\Program Files\NetBeans 7.3.1\java\modules\ext\spring-3.0\spring-webmvc-3.1.1.RELEASE.jar;C:\Program Files\NetBeans 7.3.1\java\modules\ext\spring-3.0\spring-struts-3.1.1.RELEASE.jar" />
    <property name="run.jvmargs" value="  -javaagent:&quot;C:\Users\Alex\AppData\Roaming\NetBeans\7.3.1\modules\ext\jacocoagent.jar&quot;=includes=deadgiveaway.*:ocsf.*:deadgiveaway.client.*:deadgiveaway.fake.*:deadgiveaway.resources.*:deadgiveaway.server.*:ocsf.client.*:ocsf.server.*,destfile=&quot;F:\Coding\Workspaces\NetbeansProjects\DeadGiveaway\jacoco.exec-64571976288412&quot;" />
    <property name="libs.ejb3-persistence.classpath" value="C:\Program Files\NetBeans 7.3.1\java\modules\ext\hibernate\ejb3-persistence.jar" />
    <property name="libs.JAXB-ENDORSED.src" value="" />
    <property name="libs.spring-framework.javadoc" value="" />
    <property name="dist.archive.excludes" value="" />
    <property name="libs.testng.javadoc" value="C:\Program Files\NetBeans 7.3.1\platform\docs\testng-6.5.1-javadoc.zip" />
    <property name="user.script" value="" />
    <property name="libs.PostgreSQLDriver.classpath" value="C:\Program Files\NetBeans 7.3.1\ide\modules\ext\postgresql-9.2-1002.jdbc4.jar" />
    <property name="jnlp.signing" value="" />
    <property name="libs.junit.src" value="" />
    <property name="annotation.processing.source.output" value="build/generated-sources/ap-source-output" />
    <property name="jnlp.signed" value="false" />
    <property name="main.class" value="deadgiveaway.server.ServerApp" />
    <property name="libs.CopyLibs.src" value="" />
    <property name="build.dir" value="build" />
    <property name="ant.version" value="Apache Ant(TM) version 1.9.6 compiled on June 29 2015" />
    <property name="file.encoding" value="Cp1252" />
    <property name="build.classes.excludes" value="**/*.java,**/*.form" />
    <property name="javadoc.nonavbar" value="false" />
    <property name="platform.active" value="JDK_1.7" />
    <property name="awt.toolkit" value="sun.awt.windows.WToolkit" />
  </properties>
  <testcase classname="deadgiveaway.MessageIntegrationTest" name="testClone" time="0.027" />
  <testcase classname="deadgiveaway.MessageIntegrationTest" name="testToString" time="0.0" />
  <testcase classname="deadgiveaway.MessageIntegrationTest" name="testEquals" time="0.0" />
  <testcase classname="deadgiveaway.MessageIntegrationTest" name="testConstructor" time="0.004" />
  <system-out><![CDATA[]]></system-out>
  <system-err><![CDATA[]]></system-err>
</testsuite>
